<?xml version="1.0" encoding="UTF-8"?>
<!-- Generated by org.testng.reporters.JUnitReportReporter -->
<testsuite skipped="0" hostname="DESKTOP-0EHBFCG" name="com.symphony.test.ProductPriceTest" tests="1" failures="0" timestamp="23 May 2021 15:54:10 GMT" time="17.570" errors="0">
  <testcase name="verifyProductPrice" time="17.570" classname="com.symphony.test.ProductPriceTest"/>
</testsuite> <!-- com.symphony.test.ProductPriceTest -->
