<?xml version="1.0" encoding="UTF-8"?>
<!-- Generated by org.testng.reporters.JUnitReportReporter -->
<testsuite skipped="0" hostname="DESKTOP-0EHBFCG" name="com.symphony.test.ProductPageTest" tests="2" failures="0" timestamp="22 May 2021 19:16:21 GMT" time="32.363" errors="0">
  <testcase name="productNameTest" time="18.457" classname="com.symphony.test.ProductPageTest"/>
  <testcase name="productPriceTest" time="13.906" classname="com.symphony.test.ProductPageTest"/>
</testsuite> <!-- com.symphony.test.ProductPageTest -->
