<?xml version="1.0" encoding="UTF-8"?>
<!-- Generated by org.testng.reporters.JUnitReportReporter -->
<testsuite skipped="0" hostname="DESKTOP-0EHBFCG" name="com.symphony.test.ProductNameTest" tests="1" failures="0" timestamp="23 May 2021 15:54:10 GMT" time="28.157" errors="0">
  <testcase name="verifyProductName" time="28.157" classname="com.symphony.test.ProductNameTest"/>
</testsuite> <!-- com.symphony.test.ProductNameTest -->
